# JRE version: OpenJDK Runtime Environment Temurin-21.0.10+7 (21.0.10+7) (build 21.0.10+7-LTS)
# Java VM: OpenJDK 64-Bit Server VM Temurin-21.0.10+7 (21.0.10+7-LTS, mixed mode, sharing, tiered, compressed oops, compressed class ptrs, parallel gc, windows-amd64)
GC Precious Log:
 CardTable entry size: 512
 CPUs: 16 total, 16 available
 Memory: 7484M
 Large Page Support: Disabled
 NUMA Support: Disabled
 Compressed Oops: Enabled (32-bit)
 Alignments: Space 512K, Generation 512K, Heap 2M
 Heap Min Capacity: 100M
 Heap Initial Capacity: 100M
 Heap Max Capacity: 2G
 Pre-touch: Disabled
 Parallel Workers: 13
Heap:
 PSYoungGen      total 10240K, used 8189K [0x00000000d5580000, 0x00000000d6100000, 0x0000000100000000)
  eden space 8704K, 77% used [0x00000000d5580000,0x00000000d5c1f410,0x00000000d5e00000)
  from space 1536K, 91% used [0x00000000d5f80000,0x00000000d60e0000,0x00000000d6100000)
  to   space 1536K, 0% used [0x00000000d5e00000,0x00000000d5e00000,0x00000000d5f80000)
 ParOldGen       total 507904K, used 507733K [0x0000000080000000, 0x000000009f000000, 0x00000000d5580000)
  object space 507904K, 99% used [0x0000000080000000,0x000000009efd5728,0x000000009f000000)
 Metaspace       used 76650K, committed 78272K, reserved 1179648K
  class space    used 7902K, committed 8640K, reserved 1048576K
GC Heap History (20 events):
Event: 76.805 GC heap before
{Heap before GC invocations=711 (full 3):
 PSYoungGen      total 11264K, used 11008K [0x00000000d5580000, 0x00000000d6200000, 0x0000000100000000)
  eden space 9728K, 100% used [0x00000000d5580000,0x00000000d5f00000,0x00000000d5f00000)
  from space 1536K, 83% used [0x00000000d5f80000,0x00000000d60c0000,0x00000000d6100000)
  to   space 1024K, 0% used [0x00000000d6100000,0x00000000d6100000,0x00000000d6200000)
 ParOldGen       total 494080K, used 493905K [0x0000000080000000, 0x000000009e280000, 0x00000000d5580000)
  object space 494080K, 99% used [0x0000000080000000,0x000000009e254730,0x000000009e280000)
 Metaspace       used 76650K, committed 78272K, reserved 1179648K
  class space    used 7902K, committed 8640K, reserved 1048576K
}
Event: 78.826 GC heap after
{Heap after GC invocations=711 (full 3):
 PSYoungGen      total 10752K, used 1022K [0x00000000d5580000, 0x00000000d6200000, 0x0000000100000000)
  eden space 9728K, 0% used [0x00000000d5580000,0x00000000d5580000,0x00000000d5f00000)
  from space 1024K, 99% used [0x00000000d6100000,0x00000000d61ffa78,0x00000000d6200000)
  to   space 1536K, 0% used [0x00000000d5f80000,0x00000000d5f80000,0x00000000d6100000)
 ParOldGen       total 495104K, used 495089K [0x0000000080000000, 0x000000009e380000, 0x00000000d5580000)
  object space 495104K, 99% used [0x0000000080000000,0x000000009e37c730,0x000000009e380000)
 Metaspace       used 76650K, committed 78272K, reserved 1179648K
  class space    used 7902K, committed 8640K, reserved 1048576K
}
Event: 78.880 GC heap before
{Heap before GC invocations=712 (full 3):
 PSYoungGen      total 10752K, used 10750K [0x00000000d5580000, 0x00000000d6200000, 0x0000000100000000)
  eden space 9728K, 100% used [0x00000000d5580000,0x00000000d5f00000,0x00000000d5f00000)
  from space 1024K, 99% used [0x00000000d6100000,0x00000000d61ffa78,0x00000000d6200000)
  to   space 1536K, 0% used [0x00000000d5f80000,0x00000000d5f80000,0x00000000d6100000)
 ParOldGen       total 495104K, used 495089K [0x0000000080000000, 0x000000009e380000, 0x00000000d5580000)
  object space 495104K, 99% used [0x0000000080000000,0x000000009e37c730,0x000000009e380000)
 Metaspace       used 76650K, committed 78272K, reserved 1179648K
  class space    used 7902K, committed 8640K, reserved 1048576K
}
Event: 78.883 GC heap after
{Heap after GC invocations=712 (full 3):
 PSYoungGen      total 11264K, used 1507K [0x00000000d5580000, 0x00000000d6500000, 0x0000000100000000)
  eden space 9728K, 0% used [0x00000000d5580000,0x00000000d5580000,0x00000000d5f00000)
  from space 1536K, 98% used [0x00000000d5f80000,0x00000000d60f8cd8,0x00000000d6100000)
  to   space 3072K, 0% used [0x00000000d6200000,0x00000000d6200000,0x00000000d6500000)
 ParOldGen       total 496640K, used 496236K [0x0000000080000000, 0x000000009e500000, 0x00000000d5580000)
  object space 496640K, 99% used [0x0000000080000000,0x000000009e49b110,0x000000009e500000)
 Metaspace       used 76650K, committed 78272K, reserved 1179648K
  class space    used 7902K, committed 8640K, reserved 1048576K
}
Event: 78.941 GC heap before
{Heap before GC invocations=713 (full 3):
 PSYoungGen      total 11264K, used 11235K [0x00000000d5580000, 0x00000000d6500000, 0x0000000100000000)
  eden space 9728K, 100% used [0x00000000d5580000,0x00000000d5f00000,0x00000000d5f00000)
  from space 1536K, 98% used [0x00000000d5f80000,0x00000000d60f8cd8,0x00000000d6100000)
  to   space 3072K, 0% used [0x00000000d6200000,0x00000000d6200000,0x00000000d6500000)
 ParOldGen       total 496640K, used 496236K [0x0000000080000000, 0x000000009e500000, 0x00000000d5580000)
  object space 496640K, 99% used [0x0000000080000000,0x000000009e49b110,0x000000009e500000)
 Metaspace       used 76650K, committed 78272K, reserved 1179648K
  class space    used 7902K, committed 8640K, reserved 1048576K
}
Event: 78.944 GC heap after
{Heap after GC invocations=713 (full 3):
 PSYoungGen      total 11264K, used 1216K [0x00000000d5580000, 0x00000000d6380000, 0x0000000100000000)
  eden space 9728K, 0% used [0x00000000d5580000,0x00000000d5580000,0x00000000d5f00000)
  from space 1536K, 79% used [0x00000000d6200000,0x00000000d6330000,0x00000000d6380000)
  to   space 2048K, 0% used [0x00000000d5f80000,0x00000000d5f80000,0x00000000d6180000)
 ParOldGen       total 497664K, used 497588K [0x0000000080000000, 0x000000009e600000, 0x00000000d5580000)
  object space 497664K, 99% used [0x0000000080000000,0x000000009e5ed118,0x000000009e600000)
 Metaspace       used 76650K, committed 78272K, reserved 1179648K
  class space    used 7902K, committed 8640K, reserved 1048576K
}
Event: 79.021 GC heap before
{Heap before GC invocations=714 (full 3):
 PSYoungGen      total 11264K, used 10944K [0x00000000d5580000, 0x00000000d6380000, 0x0000000100000000)
  eden space 9728K, 100% used [0x00000000d5580000,0x00000000d5f00000,0x00000000d5f00000)
  from space 1536K, 79% used [0x00000000d6200000,0x00000000d6330000,0x00000000d6380000)
  to   space 2048K, 0% used [0x00000000d5f80000,0x00000000d5f80000,0x00000000d6180000)
 ParOldGen       total 497664K, used 497588K [0x0000000080000000, 0x000000009e600000, 0x00000000d5580000)
  object space 497664K, 99% used [0x0000000080000000,0x000000009e5ed118,0x000000009e600000)
 Metaspace       used 76650K, committed 78272K, reserved 1179648K
  class space    used 7902K, committed 8640K, reserved 1048576K
}
Event: 79.024 GC heap after
{Heap after GC invocations=714 (full 3):
 PSYoungGen      total 11264K, used 1184K [0x00000000d5580000, 0x00000000d6280000, 0x0000000100000000)
  eden space 9728K, 0% used [0x00000000d5580000,0x00000000d5580000,0x00000000d5f00000)
  from space 1536K, 77% used [0x00000000d5f80000,0x00000000d60a8000,0x00000000d6100000)
  to   space 1536K, 0% used [0x00000000d6100000,0x00000000d6100000,0x00000000d6280000)
 ParOldGen       total 498688K, used 498620K [0x0000000080000000, 0x000000009e700000, 0x00000000d5580000)
  object space 498688K, 99% used [0x0000000080000000,0x000000009e6ef118,0x000000009e700000)
 Metaspace       used 76650K, committed 78272K, reserved 1179648K
  class space    used 7902K, committed 8640K, reserved 1048576K
}
Event: 79.165 GC heap before
{Heap before GC invocations=715 (full 3):
 PSYoungGen      total 11264K, used 10912K [0x00000000d5580000, 0x00000000d6280000, 0x0000000100000000)
  eden space 9728K, 100% used [0x00000000d5580000,0x00000000d5f00000,0x00000000d5f00000)
  from space 1536K, 77% used [0x00000000d5f80000,0x00000000d60a8000,0x00000000d6100000)
  to   space 1536K, 0% used [0x00000000d6100000,0x00000000d6100000,0x00000000d6280000)
 ParOldGen       total 498688K, used 498620K [0x0000000080000000, 0x000000009e700000, 0x00000000d5580000)
  object space 498688K, 99% used [0x0000000080000000,0x000000009e6ef118,0x000000009e700000)
 Metaspace       used 76650K, committed 78272K, reserved 1179648K
  class space    used 7902K, committed 8640K, reserved 1048576K
}
Event: 79.167 GC heap after
{Heap after GC invocations=715 (full 3):
 PSYoungGen      total 11264K, used 1115K [0x00000000d5580000, 0x00000000d6280000, 0x0000000100000000)
  eden space 9728K, 0% used [0x00000000d5580000,0x00000000d5580000,0x00000000d5f00000)
  from space 1536K, 72% used [0x00000000d6100000,0x00000000d6216c08,0x00000000d6280000)
  to   space 1536K, 0% used [0x00000000d5f80000,0x00000000d5f80000,0x00000000d6100000)
 ParOldGen       total 499712K, used 499596K [0x0000000080000000, 0x000000009e800000, 0x00000000d5580000)
  object space 499712K, 99% used [0x0000000080000000,0x000000009e7e3118,0x000000009e800000)
 Metaspace       used 76650K, committed 78272K, reserved 1179648K
  class space    used 7902K, committed 8640K, reserved 1048576K
}
Event: 79.281 GC heap before
{Heap before GC invocations=716 (full 3):
 PSYoungGen      total 11264K, used 10843K [0x00000000d5580000, 0x00000000d6280000, 0x0000000100000000)
  eden space 9728K, 100% used [0x00000000d5580000,0x00000000d5f00000,0x00000000d5f00000)
  from space 1536K, 72% used [0x00000000d6100000,0x00000000d6216c08,0x00000000d6280000)
  to   space 1536K, 0% used [0x00000000d5f80000,0x00000000d5f80000,0x00000000d6100000)
 ParOldGen       total 499712K, used 499596K [0x0000000080000000, 0x000000009e800000, 0x00000000d5580000)
  object space 499712K, 99% used [0x0000000080000000,0x000000009e7e3118,0x000000009e800000)
 Metaspace       used 76650K, committed 78272K, reserved 1179648K
  class space    used 7902K, committed 8640K, reserved 1048576K
}
Event: 79.404 GC heap after
{Heap after GC invocations=716 (full 3):
 PSYoungGen      total 11264K, used 1312K [0x00000000d5580000, 0x00000000d6200000, 0x0000000100000000)
  eden space 9728K, 0% used [0x00000000d5580000,0x00000000d5580000,0x00000000d5f00000)
  from space 1536K, 85% used [0x00000000d5f80000,0x00000000d60c8000,0x00000000d6100000)
  to   space 1024K, 0% used [0x00000000d6100000,0x00000000d6100000,0x00000000d6200000)
 ParOldGen       total 500736K, used 500506K [0x0000000080000000, 0x000000009e900000, 0x00000000d5580000)
  object space 500736K, 99% used [0x0000000080000000,0x000000009e8c6928,0x000000009e900000)
 Metaspace       used 76650K, committed 78272K, reserved 1179648K
  class space    used 7902K, committed 8640K, reserved 1048576K
}
Event: 79.529 GC heap before
{Heap before GC invocations=717 (full 3):
 PSYoungGen      total 11264K, used 11040K [0x00000000d5580000, 0x00000000d6200000, 0x0000000100000000)
  eden space 9728K, 100% used [0x00000000d5580000,0x00000000d5f00000,0x00000000d5f00000)
  from space 1536K, 85% used [0x00000000d5f80000,0x00000000d60c8000,0x00000000d6100000)
  to   space 1024K, 0% used [0x00000000d6100000,0x00000000d6100000,0x00000000d6200000)
 ParOldGen       total 500736K, used 500506K [0x0000000080000000, 0x000000009e900000, 0x00000000d5580000)
  object space 500736K, 99% used [0x0000000080000000,0x000000009e8c6928,0x000000009e900000)
 Metaspace       used 76650K, committed 78272K, reserved 1179648K
  class space    used 7902K, committed 8640K, reserved 1048576K
}
Event: 79.537 GC heap after
{Heap after GC invocations=717 (full 3):
 PSYoungGen      total 10240K, used 1009K [0x00000000d5580000, 0x00000000d6400000, 0x0000000100000000)
  eden space 9216K, 0% used [0x00000000d5580000,0x00000000d5580000,0x00000000d5e80000)
  from space 1024K, 98% used [0x00000000d6100000,0x00000000d61fc750,0x00000000d6200000)
  to   space 2560K, 0% used [0x00000000d5e80000,0x00000000d5e80000,0x00000000d6100000)
 ParOldGen       total 502272K, used 501802K [0x0000000080000000, 0x000000009ea80000, 0x00000000d5580000)
  object space 502272K, 99% used [0x0000000080000000,0x000000009ea0a928,0x000000009ea80000)
 Metaspace       used 76650K, committed 78272K, reserved 1179648K
  class space    used 7902K, committed 8640K, reserved 1048576K
}
Event: 79.609 GC heap before
{Heap before GC invocations=718 (full 3):
 PSYoungGen      total 10240K, used 10225K [0x00000000d5580000, 0x00000000d6400000, 0x0000000100000000)
  eden space 9216K, 100% used [0x00000000d5580000,0x00000000d5e80000,0x00000000d5e80000)
  from space 1024K, 98% used [0x00000000d6100000,0x00000000d61fc750,0x00000000d6200000)
  to   space 2560K, 0% used [0x00000000d5e80000,0x00000000d5e80000,0x00000000d6100000)
 ParOldGen       total 502272K, used 501802K [0x0000000080000000, 0x000000009ea80000, 0x00000000d5580000)
  object space 502272K, 99% used [0x0000000080000000,0x000000009ea0a928,0x000000009ea80000)
 Metaspace       used 76650K, committed 78272K, reserved 1179648K
  class space    used 7902K, committed 8640K, reserved 1048576K
}
Event: 79.613 GC heap after
{Heap after GC invocations=718 (full 3):
 PSYoungGen      total 10752K, used 1056K [0x00000000d5580000, 0x00000000d6180000, 0x0000000100000000)
  eden space 9216K, 0% used [0x00000000d5580000,0x00000000d5580000,0x00000000d5e80000)
  from space 1536K, 68% used [0x00000000d5e80000,0x00000000d5f88000,0x00000000d6000000)
  to   space 1536K, 0% used [0x00000000d6000000,0x00000000d6000000,0x00000000d6180000)
 ParOldGen       total 503296K, used 502826K [0x0000000080000000, 0x000000009eb80000, 0x00000000d5580000)
  object space 503296K, 99% used [0x0000000080000000,0x000000009eb0aaf8,0x000000009eb80000)
 Metaspace       used 76650K, committed 78272K, reserved 1179648K
  class space    used 7902K, committed 8640K, reserved 1048576K
}
Event: 79.758 GC heap before
{Heap before GC invocations=719 (full 3):
 PSYoungGen      total 10752K, used 10272K [0x00000000d5580000, 0x00000000d6180000, 0x0000000100000000)
  eden space 9216K, 100% used [0x00000000d5580000,0x00000000d5e80000,0x00000000d5e80000)
  from space 1536K, 68% used [0x00000000d5e80000,0x00000000d5f88000,0x00000000d6000000)
  to   space 1536K, 0% used [0x00000000d6000000,0x00000000d6000000,0x00000000d6180000)
 ParOldGen       total 503296K, used 502826K [0x0000000080000000, 0x000000009eb80000, 0x00000000d5580000)
  object space 503296K, 99% used [0x0000000080000000,0x000000009eb0aaf8,0x000000009eb80000)
 Metaspace       used 76650K, committed 78272K, reserved 1179648K
  class space    used 7902K, committed 8640K, reserved 1048576K
}
Event: 79.767 GC heap after
{Heap after GC invocations=719 (full 3):
 PSYoungGen      total 10752K, used 1088K [0x00000000d5580000, 0x00000000d6180000, 0x0000000100000000)
  eden space 9216K, 0% used [0x00000000d5580000,0x00000000d5580000,0x00000000d5e80000)
  from space 1536K, 70% used [0x00000000d6000000,0x00000000d6110000,0x00000000d6180000)
  to   space 1536K, 0% used [0x00000000d5e80000,0x00000000d5e80000,0x00000000d6000000)
 ParOldGen       total 503808K, used 503714K [0x0000000080000000, 0x000000009ec00000, 0x00000000d5580000)
  object space 503808K, 99% used [0x0000000080000000,0x000000009ebe8af8,0x000000009ec00000)
 Metaspace       used 76650K, committed 78272K, reserved 1179648K
  class space    used 7902K, committed 8640K, reserved 1048576K
}
Event: 79.865 GC heap before
{Heap before GC invocations=720 (full 3):
 PSYoungGen      total 10752K, used 10304K [0x00000000d5580000, 0x00000000d6180000, 0x0000000100000000)
  eden space 9216K, 100% used [0x00000000d5580000,0x00000000d5e80000,0x00000000d5e80000)
  from space 1536K, 70% used [0x00000000d6000000,0x00000000d6110000,0x00000000d6180000)
  to   space 1536K, 0% used [0x00000000d5e80000,0x00000000d5e80000,0x00000000d6000000)
 ParOldGen       total 503808K, used 503714K [0x0000000080000000, 0x000000009ec00000, 0x00000000d5580000)
  object space 503808K, 99% used [0x0000000080000000,0x000000009ebe8af8,0x000000009ec00000)
 Metaspace       used 76650K, committed 78272K, reserved 1179648K
  class space    used 7902K, committed 8640K, reserved 1048576K
}
Event: 79.867 GC heap after
{Heap after GC invocations=720 (full 3):
 PSYoungGen      total 10752K, used 1120K [0x00000000d5580000, 0x00000000d6180000, 0x0000000100000000)
  eden space 9216K, 0% used [0x00000000d5580000,0x00000000d5580000,0x00000000d5e80000)
  from space 1536K, 72% used [0x00000000d5e80000,0x00000000d5f98000,0x00000000d6000000)
  to   space 1536K, 0% used [0x00000000d6000000,0x00000000d6000000,0x00000000d6180000)
 ParOldGen       total 504832K, used 504642K [0x0000000080000000, 0x000000009ed00000, 0x00000000d5580000)
  object space 504832K, 99% used [0x0000000080000000,0x000000009ecd0af8,0x000000009ed00000)
 Metaspace       used 76650K, committed 78272K, reserved 1179648K
  class space    used 7902K, committed 8640K, reserved 1048576K
}

