# JRE version: OpenJDK Runtime Environment Temurin-21.0.10+7 (21.0.10+7) (build 21.0.10+7-LTS)
# Java VM: OpenJDK 64-Bit Server VM Temurin-21.0.10+7 (21.0.10+7-LTS, mixed mode, sharing, tiered, compressed oops, compressed class ptrs, parallel gc, windows-amd64)
GC Precious Log:
 CardTable entry size: 512
 CPUs: 16 total, 16 available
 Memory: 7484M
 Large Page Support: Disabled
 NUMA Support: Disabled
 Compressed Oops: Enabled (32-bit)
 Alignments: Space 512K, Generation 512K, Heap 2M
 Heap Min Capacity: 100M
 Heap Initial Capacity: 100M
 Heap Max Capacity: 2G
 Pre-touch: Disabled
 Parallel Workers: 13
Heap:
 PSYoungGen      total 3072K, used 1795K [0x00000000d5580000, 0x00000000d5980000, 0x0000000100000000)
  eden space 2560K, 53% used [0x00000000d5580000,0x00000000d56d8fa8,0x00000000d5800000)
  from space 512K, 81% used [0x00000000d5900000,0x00000000d5968000,0x00000000d5980000)
  to   space 512K, 0% used [0x00000000d5880000,0x00000000d5880000,0x00000000d5900000)
 ParOldGen       total 302080K, used 185300K [0x0000000080000000, 0x0000000092700000, 0x00000000d5580000)
  object space 302080K, 61% used [0x0000000080000000,0x000000008b4f51d8,0x0000000092700000)
 Metaspace       used 91394K, committed 93248K, reserved 1179648K
  class space    used 10528K, committed 11392K, reserved 1048576K
GC Heap History (20 events):
Event: 83.669 GC heap before
{Heap before GC invocations=367 (full 4):
 PSYoungGen      total 3584K, used 3008K [0x00000000d5580000, 0x00000000d5a00000, 0x0000000100000000)
  eden space 2560K, 100% used [0x00000000d5580000,0x00000000d5800000,0x00000000d5800000)
  from space 1024K, 43% used [0x00000000d5900000,0x00000000d5970000,0x00000000d5a00000)
  to   space 1024K, 0% used [0x00000000d5800000,0x00000000d5800000,0x00000000d5900000)
 ParOldGen       total 302080K, used 153111K [0x0000000080000000, 0x0000000092700000, 0x00000000d5580000)
  object space 302080K, 50% used [0x0000000080000000,0x0000000089585fe0,0x0000000092700000)
 Metaspace       used 90507K, committed 92416K, reserved 1179648K
  class space    used 10451K, committed 11328K, reserved 1048576K
}
Event: 83.670 GC heap after
{Heap after GC invocations=367 (full 4):
 PSYoungGen      total 3584K, used 384K [0x00000000d5580000, 0x00000000d5980000, 0x0000000100000000)
  eden space 2560K, 0% used [0x00000000d5580000,0x00000000d5580000,0x00000000d5800000)
  from space 1024K, 37% used [0x00000000d5800000,0x00000000d5860000,0x00000000d5900000)
  to   space 512K, 0% used [0x00000000d5900000,0x00000000d5900000,0x00000000d5980000)
 ParOldGen       total 302080K, used 153335K [0x0000000080000000, 0x0000000092700000, 0x00000000d5580000)
  object space 302080K, 50% used [0x0000000080000000,0x00000000895bdff0,0x0000000092700000)
 Metaspace       used 90507K, committed 92416K, reserved 1179648K
  class space    used 10451K, committed 11328K, reserved 1048576K
}
Event: 83.737 GC heap before
{Heap before GC invocations=368 (full 4):
 PSYoungGen      total 3584K, used 2944K [0x00000000d5580000, 0x00000000d5980000, 0x0000000100000000)
  eden space 2560K, 100% used [0x00000000d5580000,0x00000000d5800000,0x00000000d5800000)
  from space 1024K, 37% used [0x00000000d5800000,0x00000000d5860000,0x00000000d5900000)
  to   space 512K, 0% used [0x00000000d5900000,0x00000000d5900000,0x00000000d5980000)
 ParOldGen       total 302080K, used 153335K [0x0000000080000000, 0x0000000092700000, 0x00000000d5580000)
  object space 302080K, 50% used [0x0000000080000000,0x00000000895bdff0,0x0000000092700000)
 Metaspace       used 90744K, committed 92608K, reserved 1179648K
  class space    used 10475K, committed 11328K, reserved 1048576K
}
Event: 83.738 GC heap after
{Heap after GC invocations=368 (full 4):
 PSYoungGen      total 3072K, used 485K [0x00000000d5580000, 0x00000000d5a00000, 0x0000000100000000)
  eden space 2560K, 0% used [0x00000000d5580000,0x00000000d5580000,0x00000000d5800000)
  from space 512K, 94% used [0x00000000d5900000,0x00000000d5979420,0x00000000d5980000)
  to   space 1024K, 0% used [0x00000000d5800000,0x00000000d5800000,0x00000000d5900000)
 ParOldGen       total 302080K, used 153517K [0x0000000080000000, 0x0000000092700000, 0x00000000d5580000)
  object space 302080K, 50% used [0x0000000080000000,0x00000000895eb718,0x0000000092700000)
 Metaspace       used 90744K, committed 92608K, reserved 1179648K
  class space    used 10475K, committed 11328K, reserved 1048576K
}
Event: 83.872 GC heap before
{Heap before GC invocations=369 (full 4):
 PSYoungGen      total 3072K, used 3044K [0x00000000d5580000, 0x00000000d5a00000, 0x0000000100000000)
  eden space 2560K, 99% used [0x00000000d5580000,0x00000000d57ffd38,0x00000000d5800000)
  from space 512K, 94% used [0x00000000d5900000,0x00000000d5979420,0x00000000d5980000)
  to   space 1024K, 0% used [0x00000000d5800000,0x00000000d5800000,0x00000000d5900000)
 ParOldGen       total 302080K, used 184237K [0x0000000080000000, 0x0000000092700000, 0x00000000d5580000)
  object space 302080K, 60% used [0x0000000080000000,0x000000008b3eb748,0x0000000092700000)
 Metaspace       used 90937K, committed 92800K, reserved 1179648K
  class space    used 10495K, committed 11328K, reserved 1048576K
}
Event: 83.873 GC heap after
{Heap after GC invocations=369 (full 4):
 PSYoungGen      total 3584K, used 352K [0x00000000d5580000, 0x00000000d5980000, 0x0000000100000000)
  eden space 2560K, 0% used [0x00000000d5580000,0x00000000d5580000,0x00000000d5800000)
  from space 1024K, 34% used [0x00000000d5800000,0x00000000d5858000,0x00000000d5900000)
  to   space 512K, 0% used [0x00000000d5900000,0x00000000d5900000,0x00000000d5980000)
 ParOldGen       total 302080K, used 184508K [0x0000000080000000, 0x0000000092700000, 0x00000000d5580000)
  object space 302080K, 61% used [0x0000000080000000,0x000000008b42f1a8,0x0000000092700000)
 Metaspace       used 90937K, committed 92800K, reserved 1179648K
  class space    used 10495K, committed 11328K, reserved 1048576K
}
Event: 83.961 GC heap before
{Heap before GC invocations=370 (full 4):
 PSYoungGen      total 3584K, used 2912K [0x00000000d5580000, 0x00000000d5980000, 0x0000000100000000)
  eden space 2560K, 100% used [0x00000000d5580000,0x00000000d5800000,0x00000000d5800000)
  from space 1024K, 34% used [0x00000000d5800000,0x00000000d5858000,0x00000000d5900000)
  to   space 512K, 0% used [0x00000000d5900000,0x00000000d5900000,0x00000000d5980000)
 ParOldGen       total 302080K, used 184508K [0x0000000080000000, 0x0000000092700000, 0x00000000d5580000)
  object space 302080K, 61% used [0x0000000080000000,0x000000008b42f1a8,0x0000000092700000)
 Metaspace       used 90965K, committed 92800K, reserved 1179648K
  class space    used 10497K, committed 11328K, reserved 1048576K
}
Event: 83.962 GC heap after
{Heap after GC invocations=370 (full 4):
 PSYoungGen      total 3072K, used 320K [0x00000000d5580000, 0x00000000d5980000, 0x0000000100000000)
  eden space 2560K, 0% used [0x00000000d5580000,0x00000000d5580000,0x00000000d5800000)
  from space 512K, 62% used [0x00000000d5900000,0x00000000d5950000,0x00000000d5980000)
  to   space 512K, 0% used [0x00000000d5880000,0x00000000d5880000,0x00000000d5900000)
 ParOldGen       total 302080K, used 184636K [0x0000000080000000, 0x0000000092700000, 0x00000000d5580000)
  object space 302080K, 61% used [0x0000000080000000,0x000000008b44f1a8,0x0000000092700000)
 Metaspace       used 90965K, committed 92800K, reserved 1179648K
  class space    used 10497K, committed 11328K, reserved 1048576K
}
Event: 322.641 GC heap before
{Heap before GC invocations=371 (full 4):
 PSYoungGen      total 3072K, used 2880K [0x00000000d5580000, 0x00000000d5980000, 0x0000000100000000)
  eden space 2560K, 100% used [0x00000000d5580000,0x00000000d5800000,0x00000000d5800000)
  from space 512K, 62% used [0x00000000d5900000,0x00000000d5950000,0x00000000d5980000)
  to   space 512K, 0% used [0x00000000d5880000,0x00000000d5880000,0x00000000d5900000)
 ParOldGen       total 302080K, used 184636K [0x0000000080000000, 0x0000000092700000, 0x00000000d5580000)
  object space 302080K, 61% used [0x0000000080000000,0x000000008b44f1a8,0x0000000092700000)
 Metaspace       used 91142K, committed 93056K, reserved 1179648K
  class space    used 10518K, committed 11392K, reserved 1048576K
}
Event: 322.675 GC heap after
{Heap after GC invocations=371 (full 4):
 PSYoungGen      total 3072K, used 384K [0x00000000d5580000, 0x00000000d5980000, 0x0000000100000000)
  eden space 2560K, 0% used [0x00000000d5580000,0x00000000d5580000,0x00000000d5800000)
  from space 512K, 75% used [0x00000000d5880000,0x00000000d58e0000,0x00000000d5900000)
  to   space 512K, 0% used [0x00000000d5900000,0x00000000d5900000,0x00000000d5980000)
 ParOldGen       total 302080K, used 184700K [0x0000000080000000, 0x0000000092700000, 0x00000000d5580000)
  object space 302080K, 61% used [0x0000000080000000,0x000000008b45f1a8,0x0000000092700000)
 Metaspace       used 91142K, committed 93056K, reserved 1179648K
  class space    used 10518K, committed 11392K, reserved 1048576K
}
Event: 2157.737 GC heap before
{Heap before GC invocations=372 (full 4):
 PSYoungGen      total 3072K, used 2944K [0x00000000d5580000, 0x00000000d5980000, 0x0000000100000000)
  eden space 2560K, 100% used [0x00000000d5580000,0x00000000d5800000,0x00000000d5800000)
  from space 512K, 75% used [0x00000000d5880000,0x00000000d58e0000,0x00000000d5900000)
  to   space 512K, 0% used [0x00000000d5900000,0x00000000d5900000,0x00000000d5980000)
 ParOldGen       total 302080K, used 184700K [0x0000000080000000, 0x0000000092700000, 0x00000000d5580000)
  object space 302080K, 61% used [0x0000000080000000,0x000000008b45f1a8,0x0000000092700000)
 Metaspace       used 91298K, committed 93184K, reserved 1179648K
  class space    used 10526K, committed 11392K, reserved 1048576K
}
Event: 2157.948 GC heap after
{Heap after GC invocations=372 (full 4):
 PSYoungGen      total 3072K, used 448K [0x00000000d5580000, 0x00000000d5980000, 0x0000000100000000)
  eden space 2560K, 0% used [0x00000000d5580000,0x00000000d5580000,0x00000000d5800000)
  from space 512K, 87% used [0x00000000d5900000,0x00000000d5970020,0x00000000d5980000)
  to   space 512K, 0% used [0x00000000d5880000,0x00000000d5880000,0x00000000d5900000)
 ParOldGen       total 302080K, used 184812K [0x0000000080000000, 0x0000000092700000, 0x00000000d5580000)
  object space 302080K, 61% used [0x0000000080000000,0x000000008b47b1a8,0x0000000092700000)
 Metaspace       used 91298K, committed 93184K, reserved 1179648K
  class space    used 10526K, committed 11392K, reserved 1048576K
}
Event: 2169.173 GC heap before
{Heap before GC invocations=373 (full 4):
 PSYoungGen      total 3072K, used 3008K [0x00000000d5580000, 0x00000000d5980000, 0x0000000100000000)
  eden space 2560K, 100% used [0x00000000d5580000,0x00000000d5800000,0x00000000d5800000)
  from space 512K, 87% used [0x00000000d5900000,0x00000000d5970020,0x00000000d5980000)
  to   space 512K, 0% used [0x00000000d5880000,0x00000000d5880000,0x00000000d5900000)
 ParOldGen       total 302080K, used 184812K [0x0000000080000000, 0x0000000092700000, 0x00000000d5580000)
  object space 302080K, 61% used [0x0000000080000000,0x000000008b47b1a8,0x0000000092700000)
 Metaspace       used 91314K, committed 93184K, reserved 1179648K
  class space    used 10528K, committed 11392K, reserved 1048576K
}
Event: 2169.203 GC heap after
{Heap after GC invocations=373 (full 4):
 PSYoungGen      total 3072K, used 384K [0x00000000d5580000, 0x00000000d5980000, 0x0000000100000000)
  eden space 2560K, 0% used [0x00000000d5580000,0x00000000d5580000,0x00000000d5800000)
  from space 512K, 75% used [0x00000000d5880000,0x00000000d58e0000,0x00000000d5900000)
  to   space 512K, 0% used [0x00000000d5900000,0x00000000d5900000,0x00000000d5980000)
 ParOldGen       total 302080K, used 185060K [0x0000000080000000, 0x0000000092700000, 0x00000000d5580000)
  object space 302080K, 61% used [0x0000000080000000,0x000000008b4b91d8,0x0000000092700000)
 Metaspace       used 91314K, committed 93184K, reserved 1179648K
  class space    used 10528K, committed 11392K, reserved 1048576K
}
Event: 2170.127 GC heap before
{Heap before GC invocations=374 (full 4):
 PSYoungGen      total 3072K, used 2944K [0x00000000d5580000, 0x00000000d5980000, 0x0000000100000000)
  eden space 2560K, 100% used [0x00000000d5580000,0x00000000d5800000,0x00000000d5800000)
  from space 512K, 75% used [0x00000000d5880000,0x00000000d58e0000,0x00000000d5900000)
  to   space 512K, 0% used [0x00000000d5900000,0x00000000d5900000,0x00000000d5980000)
 ParOldGen       total 302080K, used 185060K [0x0000000080000000, 0x0000000092700000, 0x00000000d5580000)
  object space 302080K, 61% used [0x0000000080000000,0x000000008b4b91d8,0x0000000092700000)
 Metaspace       used 91337K, committed 93248K, reserved 1179648K
  class space    used 10528K, committed 11392K, reserved 1048576K
}
Event: 2170.131 GC heap after
{Heap after GC invocations=374 (full 4):
 PSYoungGen      total 3072K, used 384K [0x00000000d5580000, 0x00000000d5980000, 0x0000000100000000)
  eden space 2560K, 0% used [0x00000000d5580000,0x00000000d5580000,0x00000000d5800000)
  from space 512K, 75% used [0x00000000d5900000,0x00000000d5960000,0x00000000d5980000)
  to   space 512K, 0% used [0x00000000d5880000,0x00000000d5880000,0x00000000d5900000)
 ParOldGen       total 302080K, used 185148K [0x0000000080000000, 0x0000000092700000, 0x00000000d5580000)
  object space 302080K, 61% used [0x0000000080000000,0x000000008b4cf1d8,0x0000000092700000)
 Metaspace       used 91337K, committed 93248K, reserved 1179648K
  class space    used 10528K, committed 11392K, reserved 1048576K
}
Event: 2170.678 GC heap before
{Heap before GC invocations=375 (full 4):
 PSYoungGen      total 3072K, used 2944K [0x00000000d5580000, 0x00000000d5980000, 0x0000000100000000)
  eden space 2560K, 100% used [0x00000000d5580000,0x00000000d5800000,0x00000000d5800000)
  from space 512K, 75% used [0x00000000d5900000,0x00000000d5960000,0x00000000d5980000)
  to   space 512K, 0% used [0x00000000d5880000,0x00000000d5880000,0x00000000d5900000)
 ParOldGen       total 302080K, used 185148K [0x0000000080000000, 0x0000000092700000, 0x00000000d5580000)
  object space 302080K, 61% used [0x0000000080000000,0x000000008b4cf1d8,0x0000000092700000)
 Metaspace       used 91354K, committed 93248K, reserved 1179648K
  class space    used 10528K, committed 11392K, reserved 1048576K
}
Event: 2170.682 GC heap after
{Heap after GC invocations=375 (full 4):
 PSYoungGen      total 3072K, used 352K [0x00000000d5580000, 0x00000000d5980000, 0x0000000100000000)
  eden space 2560K, 0% used [0x00000000d5580000,0x00000000d5580000,0x00000000d5800000)
  from space 512K, 68% used [0x00000000d5880000,0x00000000d58d8000,0x00000000d5900000)
  to   space 512K, 0% used [0x00000000d5900000,0x00000000d5900000,0x00000000d5980000)
 ParOldGen       total 302080K, used 185228K [0x0000000080000000, 0x0000000092700000, 0x00000000d5580000)
  object space 302080K, 61% used [0x0000000080000000,0x000000008b4e31d8,0x0000000092700000)
 Metaspace       used 91354K, committed 93248K, reserved 1179648K
  class space    used 10528K, committed 11392K, reserved 1048576K
}
Event: 2171.745 GC heap before
{Heap before GC invocations=376 (full 4):
 PSYoungGen      total 3072K, used 2912K [0x00000000d5580000, 0x00000000d5980000, 0x0000000100000000)
  eden space 2560K, 100% used [0x00000000d5580000,0x00000000d5800000,0x00000000d5800000)
  from space 512K, 68% used [0x00000000d5880000,0x00000000d58d8000,0x00000000d5900000)
  to   space 512K, 0% used [0x00000000d5900000,0x00000000d5900000,0x00000000d5980000)
 ParOldGen       total 302080K, used 185228K [0x0000000080000000, 0x0000000092700000, 0x00000000d5580000)
  object space 302080K, 61% used [0x0000000080000000,0x000000008b4e31d8,0x0000000092700000)
 Metaspace       used 91373K, committed 93248K, reserved 1179648K
  class space    used 10528K, committed 11392K, reserved 1048576K
}
Event: 2171.749 GC heap after
{Heap after GC invocations=376 (full 4):
 PSYoungGen      total 3072K, used 416K [0x00000000d5580000, 0x00000000d5980000, 0x0000000100000000)
  eden space 2560K, 0% used [0x00000000d5580000,0x00000000d5580000,0x00000000d5800000)
  from space 512K, 81% used [0x00000000d5900000,0x00000000d5968000,0x00000000d5980000)
  to   space 512K, 0% used [0x00000000d5880000,0x00000000d5880000,0x00000000d5900000)
 ParOldGen       total 302080K, used 185300K [0x0000000080000000, 0x0000000092700000, 0x00000000d5580000)
  object space 302080K, 61% used [0x0000000080000000,0x000000008b4f51d8,0x0000000092700000)
 Metaspace       used 91373K, committed 93248K, reserved 1179648K
  class space    used 10528K, committed 11392K, reserved 1048576K
}

