# JRE version: OpenJDK Runtime Environment (17.0.9) (build 17.0.9+0--11185874)
# Java VM: OpenJDK 64-Bit Server VM (17.0.9+0--11185874, mixed mode, tiered, compressed oops, compressed class ptrs, g1 gc, windows-amd64)
GC Precious Log:
 CPUs: 16 total, 16 available
 Memory: 7484M
 Large Page Support: Disabled
 NUMA Support: Disabled
 Compressed Oops: Enabled (32-bit)
 Heap Region Size: 1M
 Heap Min Capacity: 8M
 Heap Initial Capacity: 118M
 Heap Max Capacity: 1872M
 Pre-touch: Disabled
 Parallel Workers: 13
 Concurrent Workers: 3
 Concurrent Refinement Workers: 13
 Periodic GC: Disabled
Heap:
 garbage-first heap   total 121856K, used 38716K [0x000000008b000000, 0x0000000100000000)
  region size 1024K, 1 young (1024K), 1 survivors (1024K)
 Metaspace       used 53061K, committed 53248K, reserved 1114112K
  class space    used 6273K, committed 6336K, reserved 1048576K
GC Heap History (20 events):
Event: 1.764 GC heap after
{Heap after GC invocations=12 (full 0):
 garbage-first heap   total 45056K, used 19598K [0x000000008b000000, 0x0000000100000000)
  region size 1024K, 3 young (3072K), 3 survivors (3072K)
 Metaspace       used 45210K, committed 45440K, reserved 1114112K
  class space    used 5510K, committed 5632K, reserved 1048576K
}
Event: 1.914 GC heap before
{Heap before GC invocations=12 (full 0):
 garbage-first heap   total 45056K, used 34958K [0x000000008b000000, 0x0000000100000000)
  region size 1024K, 17 young (17408K), 3 survivors (3072K)
 Metaspace       used 47033K, committed 47296K, reserved 1114112K
  class space    used 5703K, committed 5824K, reserved 1048576K
}
Event: 1.919 GC heap after
{Heap after GC invocations=13 (full 0):
 garbage-first heap   total 54272K, used 24505K [0x000000008b000000, 0x0000000100000000)
  region size 1024K, 3 young (3072K), 3 survivors (3072K)
 Metaspace       used 47033K, committed 47296K, reserved 1114112K
  class space    used 5703K, committed 5824K, reserved 1048576K
}
Event: 1.973 GC heap before
{Heap before GC invocations=13 (full 0):
 garbage-first heap   total 54272K, used 40889K [0x000000008b000000, 0x0000000100000000)
  region size 1024K, 19 young (19456K), 3 survivors (3072K)
 Metaspace       used 47259K, committed 47488K, reserved 1114112K
  class space    used 5708K, committed 5824K, reserved 1048576K
}
Event: 1.979 GC heap after
{Heap after GC invocations=14 (full 0):
 garbage-first heap   total 54272K, used 28980K [0x000000008b000000, 0x0000000100000000)
  region size 1024K, 3 young (3072K), 3 survivors (3072K)
 Metaspace       used 47259K, committed 47488K, reserved 1114112K
  class space    used 5708K, committed 5824K, reserved 1048576K
}
Event: 2.004 GC heap before
{Heap before GC invocations=14 (full 0):
 garbage-first heap   total 54272K, used 40244K [0x000000008b000000, 0x0000000100000000)
  region size 1024K, 14 young (14336K), 3 survivors (3072K)
 Metaspace       used 47337K, committed 47552K, reserved 1114112K
  class space    used 5716K, committed 5824K, reserved 1048576K
}
Event: 2.008 GC heap after
{Heap after GC invocations=15 (full 0):
 garbage-first heap   total 54272K, used 30236K [0x000000008b000000, 0x0000000100000000)
  region size 1024K, 1 young (1024K), 1 survivors (1024K)
 Metaspace       used 47337K, committed 47552K, reserved 1114112K
  class space    used 5716K, committed 5824K, reserved 1048576K
}
Event: 2.199 GC heap before
{Heap before GC invocations=16 (full 0):
 garbage-first heap   total 54272K, used 40476K [0x000000008b000000, 0x0000000100000000)
  region size 1024K, 12 young (12288K), 1 survivors (1024K)
 Metaspace       used 49477K, committed 49728K, reserved 1114112K
  class space    used 5967K, committed 6080K, reserved 1048576K
}
Event: 2.203 GC heap after
{Heap after GC invocations=17 (full 0):
 garbage-first heap   total 54272K, used 32373K [0x000000008b000000, 0x0000000100000000)
  region size 1024K, 2 young (2048K), 2 survivors (2048K)
 Metaspace       used 49477K, committed 49728K, reserved 1114112K
  class space    used 5967K, committed 6080K, reserved 1048576K
}
Event: 2.325 GC heap before
{Heap before GC invocations=17 (full 0):
 garbage-first heap   total 54272K, used 41589K [0x000000008b000000, 0x0000000100000000)
  region size 1024K, 11 young (11264K), 2 survivors (2048K)
 Metaspace       used 50269K, committed 50496K, reserved 1114112K
  class space    used 5983K, committed 6080K, reserved 1048576K
}
Event: 2.331 GC heap after
{Heap after GC invocations=18 (full 0):
 garbage-first heap   total 75776K, used 34173K [0x000000008b000000, 0x0000000100000000)
  region size 1024K, 2 young (2048K), 2 survivors (2048K)
 Metaspace       used 50269K, committed 50496K, reserved 1114112K
  class space    used 5983K, committed 6080K, reserved 1048576K
}
Event: 2.526 GC heap before
{Heap before GC invocations=19 (full 0):
 garbage-first heap   total 75776K, used 55677K [0x000000008b000000, 0x0000000100000000)
  region size 1024K, 23 young (23552K), 2 survivors (2048K)
 Metaspace       used 50720K, committed 50944K, reserved 1114112K
  class space    used 6020K, committed 6144K, reserved 1048576K
}
Event: 2.533 GC heap after
{Heap after GC invocations=20 (full 0):
 garbage-first heap   total 75776K, used 37888K [0x000000008b000000, 0x0000000100000000)
  region size 1024K, 3 young (3072K), 3 survivors (3072K)
 Metaspace       used 50720K, committed 50944K, reserved 1114112K
  class space    used 6020K, committed 6144K, reserved 1048576K
}
Event: 2.545 GC heap before
{Heap before GC invocations=20 (full 0):
 garbage-first heap   total 75776K, used 38912K [0x000000008b000000, 0x0000000100000000)
  region size 1024K, 4 young (4096K), 3 survivors (3072K)
 Metaspace       used 50737K, committed 50944K, reserved 1114112K
  class space    used 6020K, committed 6144K, reserved 1048576K
}
Event: 2.549 GC heap after
{Heap after GC invocations=21 (full 0):
 garbage-first heap   total 75776K, used 36206K [0x000000008b000000, 0x0000000100000000)
  region size 1024K, 1 young (1024K), 1 survivors (1024K)
 Metaspace       used 50737K, committed 50944K, reserved 1114112K
  class space    used 6020K, committed 6144K, reserved 1048576K
}
Event: 2.646 GC heap before
{Heap before GC invocations=21 (full 0):
 garbage-first heap   total 75776K, used 56686K [0x000000008b000000, 0x0000000100000000)
  region size 1024K, 21 young (21504K), 1 survivors (1024K)
 Metaspace       used 51146K, committed 51392K, reserved 1114112K
  class space    used 6050K, committed 6144K, reserved 1048576K
}
Event: 2.649 GC heap after
{Heap after GC invocations=22 (full 0):
 garbage-first heap   total 75776K, used 38134K [0x000000008b000000, 0x0000000100000000)
  region size 1024K, 3 young (3072K), 3 survivors (3072K)
 Metaspace       used 51146K, committed 51392K, reserved 1114112K
  class space    used 6050K, committed 6144K, reserved 1048576K
}
Event: 2.781 GC heap before
{Heap before GC invocations=23 (full 0):
 garbage-first heap   total 75776K, used 57590K [0x000000008b000000, 0x0000000100000000)
  region size 1024K, 22 young (22528K), 3 survivors (3072K)
 Metaspace       used 53053K, committed 53248K, reserved 1114112K
  class space    used 6273K, committed 6336K, reserved 1048576K
}
Event: 2.785 GC heap after
{Heap after GC invocations=24 (full 0):
 garbage-first heap   total 75776K, used 39273K [0x000000008b000000, 0x0000000100000000)
  region size 1024K, 2 young (2048K), 2 survivors (2048K)
 Metaspace       used 53053K, committed 53248K, reserved 1114112K
  class space    used 6273K, committed 6336K, reserved 1048576K
}
Event: 2.789 GC heap before
{Heap before GC invocations=24 (full 0):
 garbage-first heap   total 75776K, used 40297K [0x000000008b000000, 0x0000000100000000)
  region size 1024K, 3 young (3072K), 2 survivors (2048K)
 Metaspace       used 53061K, committed 53248K, reserved 1114112K
  class space    used 6273K, committed 6336K, reserved 1048576K
}

