# JRE version: OpenJDK Runtime Environment Temurin-25.0.2+10 (25.0.2+10) (build 25.0.2+10-LTS)
# Java VM: OpenJDK 64-Bit Server VM Temurin-25.0.2+10 (25.0.2+10-LTS, mixed mode, emulated-client, sharing, tiered, compressed oops, compressed class ptrs, g1 gc, windows-amd64)
GC Precious Log:
 CardTable entry size: 512
 Card Set container configuration: InlinePtr #cards 5 size 8 Array Of Cards #cards 10 size 36 Howl #buckets 4 coarsen threshold 1843 Howl Bitmap #cards 512 size 80 coarsen threshold 460 Card regions per heap region 1 cards per card region 2048
 CPUs: 16 total, 16 available
 Memory: 7484M
 Large Page Support: Disabled
 NUMA Support: Disabled
 Compressed Oops: Enabled (32-bit)
 Heap Region Size: 1M
 Heap Min Capacity: 8M
 Heap Initial Capacity: 118M
 Heap Max Capacity: 1872M
 Pre-touch: Disabled
 Parallel Workers: 13
 Concurrent Workers: 3
 Concurrent Refinement Workers: 13
 Periodic GC: Disabled
Heap:
 garbage-first heap   total reserved 1916928K, committed 68608K, used 47383K [0x000000008b000000, 0x0000000100000000)
  region size 1024K, 12 young (12288K), 1 survivors (1024K)
GC Heap Usage History (20 events):
Event: 6.542 {heap After GC invocations=14 (full 0):
 garbage-first heap   total reserved 1916928K, committed 66560K, used 32358K [0x000000008b000000, 0x0000000100000000)
  region size 1024K, 3 young (3072K), 3 survivors (3072K)
}
Event: 18.035 {heap Before GC invocations=14 (full 0):
 garbage-first heap   total reserved 1916928K, committed 66560K, used 57958K [0x000000008b000000, 0x0000000100000000)
  region size 1024K, 29 young (29696K), 3 survivors (3072K)
}
Event: 18.039 {heap After GC invocations=15 (full 0):
 garbage-first heap   total reserved 1916928K, committed 66560K, used 34046K [0x000000008b000000, 0x0000000100000000)
  region size 1024K, 2 young (2048K), 2 survivors (2048K)
}
Event: 127.292 {heap Before GC invocations=15 (full 0):
 garbage-first heap   total reserved 1916928K, committed 66560K, used 58622K [0x000000008b000000, 0x0000000100000000)
  region size 1024K, 27 young (27648K), 2 survivors (2048K)
}
Event: 127.399 {heap After GC invocations=16 (full 0):
 garbage-first heap   total reserved 1916928K, committed 66560K, used 35082K [0x000000008b000000, 0x0000000100000000)
  region size 1024K, 3 young (3072K), 3 survivors (3072K)
}
Event: 330.309 {heap Before GC invocations=17 (full 0):
 garbage-first heap   total reserved 1916928K, committed 66560K, used 60682K [0x000000008b000000, 0x0000000100000000)
  region size 1024K, 28 young (28672K), 3 survivors (3072K)
}
Event: 330.381 {heap After GC invocations=18 (full 0):
 garbage-first heap   total reserved 1916928K, committed 66560K, used 34710K [0x000000008b000000, 0x0000000100000000)
  region size 1024K, 2 young (2048K), 2 survivors (2048K)
}
Event: 357.860 {heap Before GC invocations=18 (full 0):
 garbage-first heap   total reserved 1916928K, committed 66560K, used 38806K [0x000000008b000000, 0x0000000100000000)
  region size 1024K, 7 young (7168K), 2 survivors (2048K)
}
Event: 358.095 {heap After GC invocations=19 (full 1):
 garbage-first heap   total reserved 1916928K, committed 66560K, used 25551K [0x000000008b000000, 0x0000000100000000)
  region size 1024K, 0 young (0K), 0 survivors (0K)
}
Event: 358.633 {heap Before GC invocations=19 (full 1):
 garbage-first heap   total reserved 1916928K, committed 66560K, used 57295K [0x000000008b000000, 0x0000000100000000)
  region size 1024K, 32 young (32768K), 0 survivors (0K)
}
Event: 358.641 {heap After GC invocations=20 (full 1):
 garbage-first heap   total reserved 1916928K, committed 66560K, used 29359K [0x000000008b000000, 0x0000000100000000)
  region size 1024K, 4 young (4096K), 4 survivors (4096K)
}
Event: 360.073 {heap Before GC invocations=21 (full 1):
 garbage-first heap   total reserved 1916928K, committed 66560K, used 57007K [0x000000008b000000, 0x0000000100000000)
  region size 1024K, 32 young (32768K), 4 survivors (4096K)
}
Event: 360.077 {heap After GC invocations=22 (full 1):
 garbage-first heap   total reserved 1916928K, committed 68608K, used 32515K [0x000000008b000000, 0x0000000100000000)
  region size 1024K, 4 young (4096K), 4 survivors (4096K)
}
Event: 361.346 {heap Before GC invocations=22 (full 1):
 garbage-first heap   total reserved 1916928K, committed 68608K, used 59139K [0x000000008b000000, 0x0000000100000000)
  region size 1024K, 30 young (30720K), 4 survivors (4096K)
}
Event: 361.348 {heap After GC invocations=23 (full 1):
 garbage-first heap   total reserved 1916928K, committed 68608K, used 35058K [0x000000008b000000, 0x0000000100000000)
  region size 1024K, 3 young (3072K), 3 survivors (3072K)
}
Event: 430.782 {heap Before GC invocations=23 (full 1):
 garbage-first heap   total reserved 1916928K, committed 68608K, used 60658K [0x000000008b000000, 0x0000000100000000)
  region size 1024K, 28 young (28672K), 3 survivors (3072K)
}
Event: 430.825 {heap After GC invocations=24 (full 1):
 garbage-first heap   total reserved 1916928K, committed 68608K, used 37668K [0x000000008b000000, 0x0000000100000000)
  region size 1024K, 3 young (3072K), 3 survivors (3072K)
}
Event: 666.374 {heap Before GC invocations=25 (full 1):
 garbage-first heap   total reserved 1916928K, committed 68608K, used 60196K [0x000000008b000000, 0x0000000100000000)
  region size 1024K, 25 young (25600K), 3 survivors (3072K)
}
Event: 666.629 {heap After GC invocations=26 (full 1):
 garbage-first heap   total reserved 1916928K, committed 68608K, used 37143K [0x000000008b000000, 0x0000000100000000)
  region size 1024K, 1 young (1024K), 1 survivors (1024K)
}
Event: 769.550 {heap Before GC invocations=26 (full 1):
 garbage-first heap   total reserved 1916928K, committed 68608K, used 47383K [0x000000008b000000, 0x0000000100000000)
  region size 1024K, 12 young (12288K), 1 survivors (1024K)
}

